# JRE version: Java(TM) SE Runtime Environment (8.0_92-b14) (build 1.8.0_92-b14)
# Java VM: Java HotSpot(TM) 64-Bit Server VM (25.92-b14 mixed mode windows-amd64 compressed oops)
Heap:
 PSYoungGen      total 119296K, used 34356K [0x00000000d6d00000, 0x00000000e2480000, 0x0000000100000000)
  eden space 107008K, 20% used [0x00000000d6d00000,0x00000000d82a0058,0x00000000dd580000)
  from space 12288K, 99% used [0x00000000dd580000,0x00000000de16d1a8,0x00000000de180000)
  to   space 13824K, 0% used [0x00000000e1700000,0x00000000e1700000,0x00000000e2480000)
 ParOldGen       total 57856K, used 12970K [0x0000000084600000, 0x0000000087e80000, 0x00000000d6d00000)
  object space 57856K, 22% used [0x0000000084600000,0x00000000852aa970,0x0000000087e80000)
 Metaspace       used 34386K, capacity 34846K, committed 35072K, reserved 1079296K
  class space    used 4175K, capacity 4294K, committed 4352K, reserved 1048576K
GC Heap History (10 events):
Event: 14.186 GC heap before
{Heap before GC invocations=6 (full 1):
 PSYoungGen      total 36864K, used 31744K [0x00000000d6d00000, 0x00000000d9600000, 0x0000000100000000)
  eden space 31744K, 100% used [0x00000000d6d00000,0x00000000d8c00000,0x00000000d8c00000)
  from space 5120K, 0% used [0x00000000d9100000,0x00000000d9100000,0x00000000d9600000)
  to   space 5120K, 0% used [0x00000000d8c00000,0x00000000d8c00000,0x00000000d9100000)
 ParOldGen       total 57856K, used 11469K [0x0000000084600000, 0x0000000087e80000, 0x00000000d6d00000)
  object space 57856K, 19% used [0x0000000084600000,0x00000000851335e0,0x0000000087e80000)
 Metaspace       used 21320K, capacity 21596K, committed 21808K, reserved 1069056K
  class space    used 2555K, capacity 2632K, committed 2688K, reserved 1048576K
Event: 14.204 GC heap after
Heap after GC invocations=6 (full 1):
 PSYoungGen      total 36864K, used 1760K [0x00000000d6d00000, 0x00000000dbe80000, 0x0000000100000000)
  eden space 31744K, 0% used [0x00000000d6d00000,0x00000000d6d00000,0x00000000d8c00000)
  from space 5120K, 34% used [0x00000000d8c00000,0x00000000d8db8000,0x00000000d9100000)
  to   space 12800K, 0% used [0x00000000db200000,0x00000000db200000,0x00000000dbe80000)
 ParOldGen       total 57856K, used 11477K [0x0000000084600000, 0x0000000087e80000, 0x00000000d6d00000)
  object space 57856K, 19% used [0x0000000084600000,0x00000000851355e0,0x0000000087e80000)
 Metaspace       used 21320K, capacity 21596K, committed 21808K, reserved 1069056K
  class space    used 2555K, capacity 2632K, committed 2688K, reserved 1048576K
}
Event: 14.510 GC heap before
{Heap before GC invocations=7 (full 1):
 PSYoungGen      total 36864K, used 33504K [0x00000000d6d00000, 0x00000000dbe80000, 0x0000000100000000)
  eden space 31744K, 100% used [0x00000000d6d00000,0x00000000d8c00000,0x00000000d8c00000)
  from space 5120K, 34% used [0x00000000d8c00000,0x00000000d8db8000,0x00000000d9100000)
  to   space 12800K, 0% used [0x00000000db200000,0x00000000db200000,0x00000000dbe80000)
 ParOldGen       total 57856K, used 11477K [0x0000000084600000, 0x0000000087e80000, 0x00000000d6d00000)
  object space 57856K, 19% used [0x0000000084600000,0x00000000851355e0,0x0000000087e80000)
 Metaspace       used 21819K, capacity 22124K, committed 22448K, reserved 1069056K
  class space    used 2615K, capacity 2699K, committed 2816K, reserved 1048576K
Event: 14.521 GC heap after
Heap after GC invocations=7 (full 1):
 PSYoungGen      total 70656K, used 2157K [0x00000000d6d00000, 0x00000000dc000000, 0x0000000100000000)
  eden space 57856K, 0% used [0x00000000d6d00000,0x00000000d6d00000,0x00000000da580000)
  from space 12800K, 16% used [0x00000000db200000,0x00000000db41b6b8,0x00000000dbe80000)
  to   space 12800K, 0% used [0x00000000da580000,0x00000000da580000,0x00000000db200000)
 ParOldGen       total 57856K, used 11485K [0x0000000084600000, 0x0000000087e80000, 0x00000000d6d00000)
  object space 57856K, 19% used [0x0000000084600000,0x00000000851375e0,0x0000000087e80000)
 Metaspace       used 21819K, capacity 22124K, committed 22448K, reserved 1069056K
  class space    used 2615K, capacity 2699K, committed 2816K, reserved 1048576K
}
Event: 15.578 GC heap before
{Heap before GC invocations=8 (full 1):
 PSYoungGen      total 70656K, used 60013K [0x00000000d6d00000, 0x00000000dc000000, 0x0000000100000000)
  eden space 57856K, 100% used [0x00000000d6d00000,0x00000000da580000,0x00000000da580000)
  from space 12800K, 16% used [0x00000000db200000,0x00000000db41b6b8,0x00000000dbe80000)
  to   space 12800K, 0% used [0x00000000da580000,0x00000000da580000,0x00000000db200000)
 ParOldGen       total 57856K, used 11485K [0x0000000084600000, 0x0000000087e80000, 0x00000000d6d00000)
  object space 57856K, 19% used [0x0000000084600000,0x00000000851375e0,0x0000000087e80000)
 Metaspace       used 23035K, capacity 23338K, committed 23680K, reserved 1071104K
  class space    used 2778K, capacity 2864K, committed 2944K, reserved 1048576K
Event: 15.605 GC heap after
Heap after GC invocations=8 (full 1):
 PSYoungGen      total 70656K, used 4052K [0x00000000d6d00000, 0x00000000dee80000, 0x0000000100000000)
  eden space 57856K, 0% used [0x00000000d6d00000,0x00000000d6d00000,0x00000000da580000)
  from space 12800K, 31% used [0x00000000da580000,0x00000000da975038,0x00000000db200000)
  to   space 12288K, 0% used [0x00000000de280000,0x00000000de280000,0x00000000dee80000)
 ParOldGen       total 57856K, used 11485K [0x0000000084600000, 0x0000000087e80000, 0x00000000d6d00000)
  object space 57856K, 19% used [0x0000000084600000,0x00000000851375e0,0x0000000087e80000)
 Metaspace       used 23035K, capacity 23338K, committed 23680K, reserved 1071104K
  class space    used 2778K, capacity 2864K, committed 2944K, reserved 1048576K
}
Event: 16.734 GC heap before
{Heap before GC invocations=9 (full 1):
 PSYoungGen      total 70656K, used 61908K [0x00000000d6d00000, 0x00000000dee80000, 0x0000000100000000)
  eden space 57856K, 100% used [0x00000000d6d00000,0x00000000da580000,0x00000000da580000)
  from space 12800K, 31% used [0x00000000da580000,0x00000000da975038,0x00000000db200000)
  to   space 12288K, 0% used [0x00000000de280000,0x00000000de280000,0x00000000dee80000)
 ParOldGen       total 57856K, used 11485K [0x0000000084600000, 0x0000000087e80000, 0x00000000d6d00000)
  object space 57856K, 19% used [0x0000000084600000,0x00000000851375e0,0x0000000087e80000)
 Metaspace       used 26071K, capacity 26472K, committed 26624K, reserved 1073152K
  class space    used 3176K, capacity 3286K, committed 3328K, reserved 1048576K
Event: 16.742 GC heap after
Heap after GC invocations=9 (full 1):
 PSYoungGen      total 118272K, used 6821K [0x00000000d6d00000, 0x00000000ded80000, 0x0000000100000000)
  eden space 107008K, 0% used [0x00000000d6d00000,0x00000000d6d00000,0x00000000dd580000)
  from space 11264K, 60% used [0x00000000de280000,0x00000000de929680,0x00000000ded80000)
  to   space 12288K, 0% used [0x00000000dd580000,0x00000000dd580000,0x00000000de180000)
 ParOldGen       total 57856K, used 11493K [0x0000000084600000, 0x0000000087e80000, 0x00000000d6d00000)
  object space 57856K, 19% used [0x0000000084600000,0x00000000851395e0,0x0000000087e80000)
 Metaspace       used 26071K, capacity 26472K, committed 26624K, reserved 1073152K
  class space    used 3176K, capacity 3286K, committed 3328K, reserved 1048576K
}
Event: 19.806 GC heap before
{Heap before GC invocations=10 (full 1):
 PSYoungGen      total 118272K, used 113829K [0x00000000d6d00000, 0x00000000ded80000, 0x0000000100000000)
  eden space 107008K, 100% used [0x00000000d6d00000,0x00000000dd580000,0x00000000dd580000)
  from space 11264K, 60% used [0x00000000de280000,0x00000000de929680,0x00000000ded80000)
  to   space 12288K, 0% used [0x00000000dd580000,0x00000000dd580000,0x00000000de180000)
 ParOldGen       total 57856K, used 11493K [0x0000000084600000, 0x0000000087e80000, 0x00000000d6d00000)
  object space 57856K, 19% used [0x0000000084600000,0x00000000851395e0,0x0000000087e80000)
 Metaspace       used 34007K, capacity 34382K, committed 34816K, reserved 1079296K
  class space    used 4129K, capacity 4254K, committed 4352K, reserved 1048576K
Event: 19.827 GC heap after
Heap after GC invocations=10 (full 1):
 PSYoungGen      total 119296K, used 12212K [0x00000000d6d00000, 0x00000000e2480000, 0x0000000100000000)
  eden space 107008K, 0% used [0x00000000d6d00000,0x00000000d6d00000,0x00000000dd580000)
  from space 12288K, 99% used [0x00000000dd580000,0x00000000de16d1a8,0x00000000de180000)
  to   space 13824K, 0% used [0x00000000e1700000,0x00000000e1700000,0x00000000e2480000)
 ParOldGen       total 57856K, used 12970K [0x0000000084600000, 0x0000000087e80000, 0x00000000d6d00000)
  object space 57856K, 22% used [0x0000000084600000,0x00000000852aa970,0x0000000087e80000)
 Metaspace       used 34007K, capacity 34382K, committed 34816K, reserved 1079296K
  class space    used 4129K, capacity 4254K, committed 4352K, reserved 1048576K
}

